<?xml version="1.0" encoding="UTF-8"?>
<!-- Generated by org.testng.reporters.JUnitReportReporter -->
<testsuite hostname="Raja" failures="0" tests="1" name="Flipkart.TaskFeature.App" time="74.699" errors="0" timestamp="2023-01-06T20:10:34 IST" skipped="0">
  <testcase classname="Flipkart.TaskFeature.App" name="assertion" time="74.699"/>
  <system-out/>
</testsuite> <!-- Flipkart.TaskFeature.App -->
